CHARMM General Force Field (CGenFF) program version 4.0
released June 2024
Copyright (C) 2020 SilcBio LLC
and University of Maryland, School of Pharmacy. All Rights Reserved.

Licensed to:
academic user
academicnuniversity

License expires: Thu Dec 31 00:00:00 2026

readprm warning: IMPROPER parameter not in canonical format
CG2R64 NG2R62 CG2RC0 NG2S3     40.00  0     0.00 !A base, adm

readpar warning: DIHEDRAL parameters not sorted
readpar warning: IMPROPER parameters not sorted
readpar debug: read 1305 bonds, 6776 angles, 29044 dihedrals, 487 impropers
               and 1034333 characters worth of comments.
readmol2 warning: renaming non-unique atom C to C1 .
readmol2 warning: renaming non-unique atom C to C2 .
readmol2 warning: renaming non-unique atom C to C3 .
readmol2 warning: renaming non-unique atom C to C4 .
readmol2 warning: renaming non-unique atom C to C5 .
readmol2 warning: renaming non-unique atom C to C6 .
readmol2 warning: renaming non-unique atom C to C7 .
readmol2 warning: renaming non-unique atom C to C8 .
readmol2 warning: renaming non-unique atom C to C9 .
readmol2 warning: renaming non-unique atom C to C10 .
readmol2 warning: renaming non-unique atom C to C11 .
readmol2 warning: renaming non-unique atom C to C12 .
readmol2 warning: renaming non-unique atom C to C13 .
readmol2 warning: renaming non-unique atom C to C14 .
readmol2 warning: renaming non-unique atom C to C15 .
readmol2 warning: renaming non-unique atom C to C16 .
readmol2 warning: renaming non-unique atom C to C17 .
readmol2 warning: renaming non-unique atom C to C18 .
readmol2 warning: renaming non-unique atom C to C19 .
readmol2 warning: renaming non-unique atom C to C20 .
readmol2 warning: renaming non-unique atom C to C21 .
readmol2 warning: renaming non-unique atom C to C22 .
readmol2 warning: renaming non-unique atom C to C23 .
readmol2 warning: renaming non-unique atom C to C24 .
readmol2 warning: renaming non-unique atom C to C25 .
readmol2 warning: renaming non-unique atom C to C26 .
readmol2 warning: renaming non-unique atom C to C27 .
readmol2 warning: renaming non-unique atom C to C28 .
readmol2 warning: renaming non-unique atom C to C29 .
readmol2 warning: renaming non-unique atom H to H1 .
readmol2 warning: renaming non-unique atom H to H2 .
readmol2 warning: renaming non-unique atom H to H3 .
readmol2 warning: renaming non-unique atom H to H4 .
readmol2 warning: renaming non-unique atom H to H5 .
readmol2 warning: renaming non-unique atom H to H6 .
readmol2 warning: renaming non-unique atom H to H7 .
readmol2 warning: renaming non-unique atom H to H8 .
readmol2 warning: renaming non-unique atom H to H9 .
readmol2 warning: renaming non-unique atom H to H10 .
readmol2 warning: renaming non-unique atom H to H11 .
readmol2 warning: renaming non-unique atom H to H12 .
readmol2 warning: renaming non-unique atom H to H13 .
readmol2 warning: renaming non-unique atom H to H14 .
readmol2 warning: renaming non-unique atom H to H15 .
readmol2 warning: renaming non-unique atom H to H16 .
readmol2 warning: renaming non-unique atom H to H17 .
readmol2 warning: renaming non-unique atom H to H18 .
readmol2 warning: renaming non-unique atom H to H19 .
readmol2 warning: renaming non-unique atom H to H20 .
readmol2 warning: renaming non-unique atom H to H21 .
readmol2 warning: renaming non-unique atom H to H22 .
readmol2 warning: renaming non-unique atom H to H23 .
readmol2 warning: renaming non-unique atom H to H24 .
readmol2 warning: renaming non-unique atom H to H25 .
readmol2 warning: renaming non-unique atom H to H26 .
readmol2 warning: renaming non-unique atom H to H27 .
readmol2 warning: renaming non-unique atom H to H28 .
readmol2 warning: renaming non-unique atom H to H29 .
readmol2 warning: renaming non-unique atom H to H30 .
readmol2 warning: renaming non-unique atom H to H31 .
readmol2 warning: renaming non-unique atom N to N1 .
readmol2 warning: renaming non-unique atom N to N2 .
readmol2 warning: renaming non-unique atom N to N3 .
readmol2 warning: renaming non-unique atom N to N4 .
readmol2 warning: renaming non-unique atom N to N5 .
readmol2 warning: renaming non-unique atom N to N6 .
readmol2 warning: renaming non-unique atom N to N7 .
Now processing molecule IMTB ...
ringper debug: stored 6-membered ring in stage 1.
ringper debug: stored 6-membered ring in stage 1.
ringper debug: stored 6-membered ring in stage 1.
ringper debug: stored 6-membered ring in stage 1.
ringper debug: stored 6-membered ring in stage 1.
resonance debug: found perfect resonance chain with
charge 0 ( 0 positive and 0 negative centers) and 0 potential aromatic rings
resonance debug: found perfect resonance chain with
charge 0 ( 0 positive and 0 negative centers) and 0 potential aromatic rings
resonance debug: found perfect resonance chain with
charge 0 ( 0 positive and 0 negative centers) and 0 potential aromatic rings
resonance debug: found perfect resonance chain with
charge 0 ( 0 positive and 0 negative centers) and 0 potential aromatic rings
resonance debug: found perfect resonance chain with
charge 0 ( 0 positive and 0 negative centers) and 0 potential aromatic rings
paranalogy debug: finding analogy for dihedral CG331 CG2R61 CG2R61 NG311
paranalogy debug: finding analogy for dihedral NG311 CG2R64 NG2R62 CG2R61
paranalogy debug: finding analogy for dihedral NG2R62 CG2R61 CG2R61 CG2R67
paranalogy debug: finding analogy for dihedral CG2R61 CG2R61 CG2R67 NG2R62
paranalogy debug: finding analogy for dihedral HGR61 CG2R61 CG2R67 NG2R62
paranalogy debug: finding analogy for dihedral CG2R61 CG2R67 NG2R62 CG2R64
paranalogy debug: "smart algorithm" found no matching parameters;
switching to "exhaustive algorithm"
paranalogy debug: finding analogy for dihedral NG311 CG2R64 NG2R62 CG2R67
paranalogy debug: finding analogy for improper CG2R64 NG2R62 NG2R62 NG311
paranalogy debug: "smart algorithm" found no matching parameters;
switching to "exhaustive algorithm"
exhaustive warning: no rule for atom type SEGD1 from parameter file.
exhaustive warning: no rule for atom type SEGD1 from parameter file.
paranalogy debug: finding analogy for NG2R62 CG2R67 CG2R61
paranalogy debug: "smart algorithm" found no matching parameters;
switching to "exhaustive algorithm"
paranalogy debug: finding analogy for dihedral CG331 CG2R61 CG2R61 NG311
paranalogy debug: finding analogy for dihedral NG311 CG2R64 NG2R62 CG2R61
paranalogy debug: finding analogy for dihedral NG2R62 CG2R61 CG2R61 CG2R67
paranalogy debug: finding analogy for dihedral CG2R61 CG2R61 CG2R67 NG2R62
paranalogy debug: finding analogy for dihedral HGR61 CG2R61 CG2R67 NG2R62
paranalogy debug: finding analogy for dihedral CG2R61 CG2R67 NG2R62 CG2R64
paranalogy debug: "smart algorithm" found no matching parameters;
switching to "exhaustive algorithm"
paranalogy debug: finding analogy for dihedral NG311 CG2R64 NG2R62 CG2R67
paranalogy debug: finding analogy for NG2R62 CG2R67 CG2R61
paranalogy debug: "smart algorithm" found no matching parameters;
switching to "exhaustive algorithm"
